<?xml version="1.0" encoding="UTF-8"?>
<coverage generated="1608497562372" clover="3.2.0">
  <project timestamp="1608497562373" name="All files">
    <metrics statements="104" coveredstatements="78" conditionals="135" coveredconditionals="70" methods="20" coveredmethods="12" elements="259" coveredelements="160" complexity="0" loc="104" ncloc="104" packages="4" files="30" classes="30"/>
    <package name="assets.icons">
      <metrics statements="2" coveredstatements="2" conditionals="0" coveredconditionals="0" methods="0" coveredmethods="0"/>
      <file name="flowers.png" path="/Users/pupmega/codefellows/onewiththeplants/assets/icons/flowers.png">
        <metrics statements="1" coveredstatements="1" conditionals="0" coveredconditionals="0" methods="0" coveredmethods="0"/>
        <line num="1" count="7" type="stmt"/>
      </file>
      <file name="seeds.png" path="/Users/pupmega/codefellows/onewiththeplants/assets/icons/seeds.png">
        <metrics statements="1" coveredstatements="1" conditionals="0" coveredconditionals="0" methods="0" coveredmethods="0"/>
        <line num="1" count="7" type="stmt"/>
      </file>
    </package>
    <package name="assets.images">
      <metrics statements="21" coveredstatements="21" conditionals="0" coveredconditionals="0" methods="0" coveredmethods="0"/>
      <file name="avatar.png" path="/Users/pupmega/codefellows/onewiththeplants/assets/images/avatar.png">
        <metrics statements="1" coveredstatements="1" conditionals="0" coveredconditionals="0" methods="0" coveredmethods="0"/>
        <line num="1" count="7" type="stmt"/>
      </file>
      <file name="explore_1.png" path="/Users/pupmega/codefellows/onewiththeplants/assets/images/explore_1.png">
        <metrics statements="1" coveredstatements="1" conditionals="0" coveredconditionals="0" methods="0" coveredmethods="0"/>
        <line num="1" count="7" type="stmt"/>
      </file>
      <file name="explore_2.png" path="/Users/pupmega/codefellows/onewiththeplants/assets/images/explore_2.png">
        <metrics statements="1" coveredstatements="1" conditionals="0" coveredconditionals="0" methods="0" coveredmethods="0"/>
        <line num="1" count="7" type="stmt"/>
      </file>
      <file name="explore_3.png" path="/Users/pupmega/codefellows/onewiththeplants/assets/images/explore_3.png">
        <metrics statements="1" coveredstatements="1" conditionals="0" coveredconditionals="0" methods="0" coveredmethods="0"/>
        <line num="1" count="7" type="stmt"/>
      </file>
      <file name="explore_4.png" path="/Users/pupmega/codefellows/onewiththeplants/assets/images/explore_4.png">
        <metrics statements="1" coveredstatements="1" conditionals="0" coveredconditionals="0" methods="0" coveredmethods="0"/>
        <line num="1" count="7" type="stmt"/>
      </file>
      <file name="explore_5.png" path="/Users/pupmega/codefellows/onewiththeplants/assets/images/explore_5.png">
        <metrics statements="1" coveredstatements="1" conditionals="0" coveredconditionals="0" methods="0" coveredmethods="0"/>
        <line num="1" count="7" type="stmt"/>
      </file>
      <file name="explore_6.png" path="/Users/pupmega/codefellows/onewiththeplants/assets/images/explore_6.png">
        <metrics statements="1" coveredstatements="1" conditionals="0" coveredconditionals="0" methods="0" coveredmethods="0"/>
        <line num="1" count="7" type="stmt"/>
      </file>
      <file name="plant_one_big_happy.png" path="/Users/pupmega/codefellows/onewiththeplants/assets/images/plant_one_big_happy.png">
        <metrics statements="1" coveredstatements="1" conditionals="0" coveredconditionals="0" methods="0" coveredmethods="0"/>
        <line num="1" count="7" type="stmt"/>
      </file>
      <file name="plant_one_big_sad.png" path="/Users/pupmega/codefellows/onewiththeplants/assets/images/plant_one_big_sad.png">
        <metrics statements="1" coveredstatements="1" conditionals="0" coveredconditionals="0" methods="0" coveredmethods="0"/>
        <line num="1" count="7" type="stmt"/>
      </file>
      <file name="plant_one_happy_med.png" path="/Users/pupmega/codefellows/onewiththeplants/assets/images/plant_one_happy_med.png">
        <metrics statements="1" coveredstatements="1" conditionals="0" coveredconditionals="0" methods="0" coveredmethods="0"/>
        <line num="1" count="7" type="stmt"/>
      </file>
      <file name="plant_one_med_sad.png" path="/Users/pupmega/codefellows/onewiththeplants/assets/images/plant_one_med_sad.png">
        <metrics statements="1" coveredstatements="1" conditionals="0" coveredconditionals="0" methods="0" coveredmethods="0"/>
        <line num="1" count="7" type="stmt"/>
      </file>
      <file name="plant_one_sad_sml.png" path="/Users/pupmega/codefellows/onewiththeplants/assets/images/plant_one_sad_sml.png">
        <metrics statements="1" coveredstatements="1" conditionals="0" coveredconditionals="0" methods="0" coveredmethods="0"/>
        <line num="1" count="7" type="stmt"/>
      </file>
      <file name="plant_two_happy_med.png" path="/Users/pupmega/codefellows/onewiththeplants/assets/images/plant_two_happy_med.png">
        <metrics statements="1" coveredstatements="1" conditionals="0" coveredconditionals="0" methods="0" coveredmethods="0"/>
        <line num="1" count="7" type="stmt"/>
      </file>
      <file name="plant_two_happy_sml.png" path="/Users/pupmega/codefellows/onewiththeplants/assets/images/plant_two_happy_sml.png">
        <metrics statements="1" coveredstatements="1" conditionals="0" coveredconditionals="0" methods="0" coveredmethods="0"/>
        <line num="1" count="7" type="stmt"/>
      </file>
      <file name="plant_type_one_happy.png" path="/Users/pupmega/codefellows/onewiththeplants/assets/images/plant_type_one_happy.png">
        <metrics statements="1" coveredstatements="1" conditionals="0" coveredconditionals="0" methods="0" coveredmethods="0"/>
        <line num="1" count="7" type="stmt"/>
      </file>
      <file name="plants_1.png" path="/Users/pupmega/codefellows/onewiththeplants/assets/images/plants_1.png">
        <metrics statements="1" coveredstatements="1" conditionals="0" coveredconditionals="0" methods="0" coveredmethods="0"/>
        <line num="1" count="7" type="stmt"/>
      </file>
      <file name="plants_2.png" path="/Users/pupmega/codefellows/onewiththeplants/assets/images/plants_2.png">
        <metrics statements="1" coveredstatements="1" conditionals="0" coveredconditionals="0" methods="0" coveredmethods="0"/>
        <line num="1" count="7" type="stmt"/>
      </file>
      <file name="plants_3.png" path="/Users/pupmega/codefellows/onewiththeplants/assets/images/plants_3.png">
        <metrics statements="1" coveredstatements="1" conditionals="0" coveredconditionals="0" methods="0" coveredmethods="0"/>
        <line num="1" count="7" type="stmt"/>
      </file>
      <file name="terrarium_1.png" path="/Users/pupmega/codefellows/onewiththeplants/assets/images/terrarium_1.png">
        <metrics statements="1" coveredstatements="1" conditionals="0" coveredconditionals="0" methods="0" coveredmethods="0"/>
        <line num="1" count="7" type="stmt"/>
      </file>
      <file name="terrarium_2.png" path="/Users/pupmega/codefellows/onewiththeplants/assets/images/terrarium_2.png">
        <metrics statements="1" coveredstatements="1" conditionals="0" coveredconditionals="0" methods="0" coveredmethods="0"/>
        <line num="1" count="7" type="stmt"/>
      </file>
      <file name="ttt.png" path="/Users/pupmega/codefellows/onewiththeplants/assets/images/ttt.png">
        <metrics statements="1" coveredstatements="1" conditionals="0" coveredconditionals="0" methods="0" coveredmethods="0"/>
        <line num="1" count="7" type="stmt"/>
      </file>
    </package>
    <package name="components">
      <metrics statements="70" coveredstatements="44" conditionals="135" coveredconditionals="70" methods="20" coveredmethods="12"/>
      <file name="Block.js" path="/Users/pupmega/codefellows/onewiththeplants/components/Block.js">
        <metrics statements="26" coveredstatements="12" conditionals="55" coveredconditionals="32" methods="3" coveredmethods="2"/>
        <line num="8" count="4" type="stmt"/>
        <line num="9" count="4" type="cond" truecount="1" falsecount="1"/>
        <line num="10" count="0" type="stmt"/>
        <line num="18" count="4" type="cond" truecount="1" falsecount="1"/>
        <line num="19" count="4" type="stmt"/>
        <line num="20" count="4" type="cond" truecount="2" falsecount="2"/>
        <line num="22" count="0" type="stmt"/>
        <line num="29" count="2" type="stmt"/>
        <line num="36" count="2" type="stmt"/>
        <line num="43" count="0" type="stmt"/>
        <line num="54" count="0" type="stmt"/>
        <line num="55" count="0" type="cond" truecount="0" falsecount="2"/>
        <line num="56" count="0" type="stmt"/>
        <line num="64" count="0" type="cond" truecount="0" falsecount="2"/>
        <line num="65" count="0" type="stmt"/>
        <line num="66" count="0" type="cond" truecount="0" falsecount="4"/>
        <line num="68" count="0" type="stmt"/>
        <line num="75" count="0" type="stmt"/>
        <line num="82" count="0" type="stmt"/>
        <line num="89" count="0" type="stmt"/>
        <line num="121" count="17" type="stmt"/>
        <line num="123" count="17" type="stmt"/>
        <line num="146" count="17" type="cond" truecount="1" falsecount="1"/>
        <line num="147" count="0" type="stmt"/>
        <line num="154" count="17" type="stmt"/>
        <line num="162" count="6" type="stmt"/>
      </file>
      <file name="Card.js" path="/Users/pupmega/codefellows/onewiththeplants/components/Card.js">
        <metrics statements="4" coveredstatements="4" conditionals="2" coveredconditionals="2" methods="1" coveredmethods="1"/>
        <line num="9" count="8" type="stmt"/>
        <line num="10" count="8" type="stmt"/>
        <line num="12" count="8" type="stmt"/>
        <line num="20" count="6" type="stmt"/>
      </file>
      <file name="Game.js" path="/Users/pupmega/codefellows/onewiththeplants/components/Game.js">
        <metrics statements="36" coveredstatements="24" conditionals="17" coveredconditionals="6" methods="15" coveredmethods="8"/>
        <line num="4" count="2" type="stmt"/>
        <line num="11" count="2" type="stmt"/>
        <line num="12" count="2" type="stmt"/>
        <line num="16" count="2" type="cond" truecount="1" falsecount="1"/>
        <line num="20" count="0" type="stmt"/>
        <line num="24" count="0" type="stmt"/>
        <line num="25" count="0" type="stmt"/>
        <line num="26" count="0" type="cond" truecount="0" falsecount="4"/>
        <line num="27" count="0" type="stmt"/>
        <line num="28" count="0" type="stmt"/>
        <line num="35" count="2" type="stmt"/>
        <line num="41" count="2" type="stmt"/>
        <line num="44" count="0" type="stmt"/>
        <line num="45" count="0" type="stmt"/>
        <line num="53" count="2" type="stmt"/>
        <line num="54" count="2" type="stmt"/>
        <line num="63" count="2" type="stmt"/>
        <line num="64" count="6" type="stmt"/>
        <line num="66" count="0" type="stmt"/>
        <line num="67" count="0" type="stmt"/>
        <line num="68" count="0" type="stmt"/>
        <line num="73" count="2" type="stmt"/>
        <line num="74" count="18" type="stmt"/>
        <line num="82" count="18" type="stmt"/>
        <line num="88" count="18" type="stmt"/>
        <line num="95" count="2" type="stmt"/>
        <line num="96" count="2" type="cond" truecount="1" falsecount="1"/>
        <line num="100" count="2" type="stmt"/>
        <line num="108" count="2" type="stmt"/>
        <line num="109" count="2" type="stmt"/>
        <line num="120" count="2" type="stmt"/>
        <line num="121" count="16" type="stmt"/>
        <line num="122" count="16" type="cond" truecount="2" falsecount="3"/>
        <line num="123" count="0" type="stmt"/>
        <line num="126" count="2" type="cond" truecount="1" falsecount="1"/>
        <line num="127" count="2" type="stmt"/>
      </file>
      <file name="Text.js" path="/Users/pupmega/codefellows/onewiththeplants/components/Text.js">
        <metrics statements="4" coveredstatements="4" conditionals="61" coveredconditionals="30" methods="1" coveredmethods="1"/>
        <line num="44" count="2" type="stmt"/>
        <line num="46" count="2" type="stmt"/>
        <line num="82" count="2" type="stmt"/>
        <line num="90" count="1" type="stmt"/>
      </file>
    </package>
    <package name="constants">
      <metrics statements="11" coveredstatements="11" conditionals="0" coveredconditionals="0" methods="0" coveredmethods="0"/>
      <file name="index.js" path="/Users/pupmega/codefellows/onewiththeplants/constants/index.js">
        <metrics statements="0" coveredstatements="0" conditionals="0" coveredconditionals="0" methods="0" coveredmethods="0"/>
      </file>
      <file name="mocks.js" path="/Users/pupmega/codefellows/onewiththeplants/constants/mocks.js">
        <metrics statements="8" coveredstatements="8" conditionals="0" coveredconditionals="0" methods="0" coveredmethods="0"/>
        <line num="3" count="7" type="stmt"/>
        <line num="37" count="7" type="stmt"/>
        <line num="92" count="7" type="stmt"/>
        <line num="166" count="7" type="stmt"/>
        <line num="205" count="7" type="stmt"/>
        <line num="209" count="7" type="stmt"/>
        <line num="230" count="7" type="stmt"/>
        <line num="240" count="7" type="stmt"/>
      </file>
      <file name="theme.js" path="/Users/pupmega/codefellows/onewiththeplants/constants/theme.js">
        <metrics statements="3" coveredstatements="3" conditionals="0" coveredconditionals="0" methods="0" coveredmethods="0"/>
        <line num="1" count="7" type="stmt"/>
        <line num="12" count="7" type="stmt"/>
        <line num="29" count="7" type="stmt"/>
      </file>
    </package>
  </project>
</coverage>
