{"/Users/pupmega/codefellows/onewiththeplants/assets/icons/flowers.png": {"path":"/Users/pupmega/codefellows/onewiththeplants/assets/icons/flowers.png","statementMap":{"0":{"start":{"line":1,"column":0},"end":{"line":4,"column":6}}},"fnMap":{},"branchMap":{},"s":{"0":7},"f":{},"b":{},"inputSourceMap":null,"_coverageSchema":"1a1c01bbd47fc00a2c39e90264f33305004495a9","hash":"f8372245152df62fd674a69b6b7c576a3e02edbe"}
,"/Users/pupmega/codefellows/onewiththeplants/assets/icons/seeds.png": {"path":"/Users/pupmega/codefellows/onewiththeplants/assets/icons/seeds.png","statementMap":{"0":{"start":{"line":1,"column":0},"end":{"line":4,"column":6}}},"fnMap":{},"branchMap":{},"s":{"0":7},"f":{},"b":{},"inputSourceMap":null,"_coverageSchema":"1a1c01bbd47fc00a2c39e90264f33305004495a9","hash":"27eee042f983f6bd7f5e870c5a0cde999c31cbae"}
,"/Users/pupmega/codefellows/onewiththeplants/assets/images/avatar.png": {"path":"/Users/pupmega/codefellows/onewiththeplants/assets/images/avatar.png","statementMap":{"0":{"start":{"line":1,"column":0},"end":{"line":4,"column":6}}},"fnMap":{},"branchMap":{},"s":{"0":7},"f":{},"b":{},"inputSourceMap":null,"_coverageSchema":"1a1c01bbd47fc00a2c39e90264f33305004495a9","hash":"14d2e8bc9d0466856451f66b0e70ef145c59a6d1"}
,"/Users/pupmega/codefellows/onewiththeplants/assets/images/explore_1.png": {"path":"/Users/pupmega/codefellows/onewiththeplants/assets/images/explore_1.png","statementMap":{"0":{"start":{"line":1,"column":0},"end":{"line":4,"column":6}}},"fnMap":{},"branchMap":{},"s":{"0":7},"f":{},"b":{},"inputSourceMap":null,"_coverageSchema":"1a1c01bbd47fc00a2c39e90264f33305004495a9","hash":"a7c540965898e8f6319e44c28d263219cf584376"}
,"/Users/pupmega/codefellows/onewiththeplants/assets/images/explore_2.png": {"path":"/Users/pupmega/codefellows/onewiththeplants/assets/images/explore_2.png","statementMap":{"0":{"start":{"line":1,"column":0},"end":{"line":4,"column":6}}},"fnMap":{},"branchMap":{},"s":{"0":7},"f":{},"b":{},"inputSourceMap":null,"_coverageSchema":"1a1c01bbd47fc00a2c39e90264f33305004495a9","hash":"6555d8917c0007473ffc009a98e8480a9b2c5e0e"}
,"/Users/pupmega/codefellows/onewiththeplants/assets/images/explore_3.png": {"path":"/Users/pupmega/codefellows/onewiththeplants/assets/images/explore_3.png","statementMap":{"0":{"start":{"line":1,"column":0},"end":{"line":4,"column":6}}},"fnMap":{},"branchMap":{},"s":{"0":7},"f":{},"b":{},"inputSourceMap":null,"_coverageSchema":"1a1c01bbd47fc00a2c39e90264f33305004495a9","hash":"7a069b08af753f79d9e2c9416ab41c582a972ce4"}
,"/Users/pupmega/codefellows/onewiththeplants/assets/images/explore_4.png": {"path":"/Users/pupmega/codefellows/onewiththeplants/assets/images/explore_4.png","statementMap":{"0":{"start":{"line":1,"column":0},"end":{"line":4,"column":6}}},"fnMap":{},"branchMap":{},"s":{"0":7},"f":{},"b":{},"inputSourceMap":null,"_coverageSchema":"1a1c01bbd47fc00a2c39e90264f33305004495a9","hash":"6ecee56995add3db20e5b4ba6d5ce95a27c643f5"}
,"/Users/pupmega/codefellows/onewiththeplants/assets/images/explore_5.png": {"path":"/Users/pupmega/codefellows/onewiththeplants/assets/images/explore_5.png","statementMap":{"0":{"start":{"line":1,"column":0},"end":{"line":4,"column":6}}},"fnMap":{},"branchMap":{},"s":{"0":7},"f":{},"b":{},"inputSourceMap":null,"_coverageSchema":"1a1c01bbd47fc00a2c39e90264f33305004495a9","hash":"0d789f06db0bde490ecd44f9915391ce4415cb53"}
,"/Users/pupmega/codefellows/onewiththeplants/assets/images/explore_6.png": {"path":"/Users/pupmega/codefellows/onewiththeplants/assets/images/explore_6.png","statementMap":{"0":{"start":{"line":1,"column":0},"end":{"line":4,"column":6}}},"fnMap":{},"branchMap":{},"s":{"0":7},"f":{},"b":{},"inputSourceMap":null,"_coverageSchema":"1a1c01bbd47fc00a2c39e90264f33305004495a9","hash":"e6f27e54df6e1b2113c6c20ae99a0b13705c3068"}
,"/Users/pupmega/codefellows/onewiththeplants/assets/images/plant_one_big_happy.png": {"path":"/Users/pupmega/codefellows/onewiththeplants/assets/images/plant_one_big_happy.png","statementMap":{"0":{"start":{"line":1,"column":0},"end":{"line":4,"column":6}}},"fnMap":{},"branchMap":{},"s":{"0":7},"f":{},"b":{},"inputSourceMap":null,"_coverageSchema":"1a1c01bbd47fc00a2c39e90264f33305004495a9","hash":"be31c2eba6bdaeea4c6985cad623d309037318bc"}
,"/Users/pupmega/codefellows/onewiththeplants/assets/images/plant_one_big_sad.png": {"path":"/Users/pupmega/codefellows/onewiththeplants/assets/images/plant_one_big_sad.png","statementMap":{"0":{"start":{"line":1,"column":0},"end":{"line":4,"column":6}}},"fnMap":{},"branchMap":{},"s":{"0":7},"f":{},"b":{},"inputSourceMap":null,"_coverageSchema":"1a1c01bbd47fc00a2c39e90264f33305004495a9","hash":"590dcbe88061f714513cd176b4b66713aa02da70"}
,"/Users/pupmega/codefellows/onewiththeplants/assets/images/plant_one_happy_med.png": {"path":"/Users/pupmega/codefellows/onewiththeplants/assets/images/plant_one_happy_med.png","statementMap":{"0":{"start":{"line":1,"column":0},"end":{"line":4,"column":6}}},"fnMap":{},"branchMap":{},"s":{"0":7},"f":{},"b":{},"inputSourceMap":null,"_coverageSchema":"1a1c01bbd47fc00a2c39e90264f33305004495a9","hash":"9707b48a4dbc50972df9c944aad0ada3e5297cc2"}
,"/Users/pupmega/codefellows/onewiththeplants/assets/images/plant_one_med_sad.png": {"path":"/Users/pupmega/codefellows/onewiththeplants/assets/images/plant_one_med_sad.png","statementMap":{"0":{"start":{"line":1,"column":0},"end":{"line":4,"column":6}}},"fnMap":{},"branchMap":{},"s":{"0":7},"f":{},"b":{},"inputSourceMap":null,"_coverageSchema":"1a1c01bbd47fc00a2c39e90264f33305004495a9","hash":"5d30c33353c0a688755d728f7f935f8b749f2c69"}
,"/Users/pupmega/codefellows/onewiththeplants/assets/images/plant_one_sad_sml.png": {"path":"/Users/pupmega/codefellows/onewiththeplants/assets/images/plant_one_sad_sml.png","statementMap":{"0":{"start":{"line":1,"column":0},"end":{"line":4,"column":6}}},"fnMap":{},"branchMap":{},"s":{"0":7},"f":{},"b":{},"inputSourceMap":null,"_coverageSchema":"1a1c01bbd47fc00a2c39e90264f33305004495a9","hash":"da8b330befaf4c71396f5f4e17f5fec68085296b"}
,"/Users/pupmega/codefellows/onewiththeplants/assets/images/plant_two_happy_med.png": {"path":"/Users/pupmega/codefellows/onewiththeplants/assets/images/plant_two_happy_med.png","statementMap":{"0":{"start":{"line":1,"column":0},"end":{"line":4,"column":6}}},"fnMap":{},"branchMap":{},"s":{"0":7},"f":{},"b":{},"inputSourceMap":null,"_coverageSchema":"1a1c01bbd47fc00a2c39e90264f33305004495a9","hash":"30cc1a61fb8b7d79ccfa8bac5329eb50dbba8b92"}
,"/Users/pupmega/codefellows/onewiththeplants/assets/images/plant_two_happy_sml.png": {"path":"/Users/pupmega/codefellows/onewiththeplants/assets/images/plant_two_happy_sml.png","statementMap":{"0":{"start":{"line":1,"column":0},"end":{"line":4,"column":6}}},"fnMap":{},"branchMap":{},"s":{"0":7},"f":{},"b":{},"inputSourceMap":null,"_coverageSchema":"1a1c01bbd47fc00a2c39e90264f33305004495a9","hash":"09421be9ed2a190bf25b0614300bcfe42f06dd38"}
,"/Users/pupmega/codefellows/onewiththeplants/assets/images/plant_type_one_happy.png": {"path":"/Users/pupmega/codefellows/onewiththeplants/assets/images/plant_type_one_happy.png","statementMap":{"0":{"start":{"line":1,"column":0},"end":{"line":4,"column":6}}},"fnMap":{},"branchMap":{},"s":{"0":7},"f":{},"b":{},"inputSourceMap":null,"_coverageSchema":"1a1c01bbd47fc00a2c39e90264f33305004495a9","hash":"06f11d26a6a224953604938b77e220e39478cb1f"}
,"/Users/pupmega/codefellows/onewiththeplants/assets/images/plants_1.png": {"path":"/Users/pupmega/codefellows/onewiththeplants/assets/images/plants_1.png","statementMap":{"0":{"start":{"line":1,"column":0},"end":{"line":4,"column":6}}},"fnMap":{},"branchMap":{},"s":{"0":7},"f":{},"b":{},"inputSourceMap":null,"_coverageSchema":"1a1c01bbd47fc00a2c39e90264f33305004495a9","hash":"81716809f0839c9e67e8428d00a8113c90a2825e"}
,"/Users/pupmega/codefellows/onewiththeplants/assets/images/plants_2.png": {"path":"/Users/pupmega/codefellows/onewiththeplants/assets/images/plants_2.png","statementMap":{"0":{"start":{"line":1,"column":0},"end":{"line":4,"column":6}}},"fnMap":{},"branchMap":{},"s":{"0":7},"f":{},"b":{},"inputSourceMap":null,"_coverageSchema":"1a1c01bbd47fc00a2c39e90264f33305004495a9","hash":"ec361b37028082eb855189ed4f5ddfa42afee579"}
,"/Users/pupmega/codefellows/onewiththeplants/assets/images/plants_3.png": {"path":"/Users/pupmega/codefellows/onewiththeplants/assets/images/plants_3.png","statementMap":{"0":{"start":{"line":1,"column":0},"end":{"line":4,"column":6}}},"fnMap":{},"branchMap":{},"s":{"0":7},"f":{},"b":{},"inputSourceMap":null,"_coverageSchema":"1a1c01bbd47fc00a2c39e90264f33305004495a9","hash":"95ce2bd1f4bd60b96d3cf1960ddb5d3b52a75758"}
,"/Users/pupmega/codefellows/onewiththeplants/assets/images/terrarium_1.png": {"path":"/Users/pupmega/codefellows/onewiththeplants/assets/images/terrarium_1.png","statementMap":{"0":{"start":{"line":1,"column":0},"end":{"line":4,"column":6}}},"fnMap":{},"branchMap":{},"s":{"0":7},"f":{},"b":{},"inputSourceMap":null,"_coverageSchema":"1a1c01bbd47fc00a2c39e90264f33305004495a9","hash":"09acec39acd3cba7c80e83e947c2da3da77452a9"}
,"/Users/pupmega/codefellows/onewiththeplants/assets/images/terrarium_2.png": {"path":"/Users/pupmega/codefellows/onewiththeplants/assets/images/terrarium_2.png","statementMap":{"0":{"start":{"line":1,"column":0},"end":{"line":4,"column":6}}},"fnMap":{},"branchMap":{},"s":{"0":7},"f":{},"b":{},"inputSourceMap":null,"_coverageSchema":"1a1c01bbd47fc00a2c39e90264f33305004495a9","hash":"bea5f57d0fab9472b6af0c3d0691d9174f7022e4"}
,"/Users/pupmega/codefellows/onewiththeplants/assets/images/ttt.png": {"path":"/Users/pupmega/codefellows/onewiththeplants/assets/images/ttt.png","statementMap":{"0":{"start":{"line":1,"column":0},"end":{"line":4,"column":6}}},"fnMap":{},"branchMap":{},"s":{"0":7},"f":{},"b":{},"inputSourceMap":null,"_coverageSchema":"1a1c01bbd47fc00a2c39e90264f33305004495a9","hash":"c5a42be8626917d04597da1ad1767dc0fd7c9b5e"}
,"/Users/pupmega/codefellows/onewiththeplants/components/Block.js": {"path":"/Users/pupmega/codefellows/onewiththeplants/components/Block.js","statementMap":{"0":{"start":{"line":8,"column":23},"end":{"line":8,"column":33}},"1":{"start":{"line":9,"column":4},"end":{"line":16,"column":5}},"2":{"start":{"line":10,"column":6},"end":{"line":15,"column":8}},"3":{"start":{"line":18,"column":4},"end":{"line":50,"column":5}},"4":{"start":{"line":19,"column":25},"end":{"line":19,"column":51}},"5":{"start":{"line":20,"column":6},"end":{"line":49,"column":7}},"6":{"start":{"line":22,"column":10},"end":{"line":27,"column":12}},"7":{"start":{"line":29,"column":10},"end":{"line":34,"column":12}},"8":{"start":{"line":36,"column":10},"end":{"line":41,"column":12}},"9":{"start":{"line":43,"column":10},"end":{"line":48,"column":12}},"10":{"start":{"line":54,"column":24},"end":{"line":54,"column":34}},"11":{"start":{"line":55,"column":4},"end":{"line":62,"column":5}},"12":{"start":{"line":56,"column":6},"end":{"line":61,"column":8}},"13":{"start":{"line":64,"column":4},"end":{"line":96,"column":5}},"14":{"start":{"line":65,"column":26},"end":{"line":65,"column":53}},"15":{"start":{"line":66,"column":6},"end":{"line":95,"column":7}},"16":{"start":{"line":68,"column":10},"end":{"line":73,"column":12}},"17":{"start":{"line":75,"column":10},"end":{"line":80,"column":12}},"18":{"start":{"line":82,"column":10},"end":{"line":87,"column":12}},"19":{"start":{"line":89,"column":10},"end":{"line":94,"column":12}},"20":{"start":{"line":121,"column":8},"end":{"line":121,"column":18}},"21":{"start":{"line":123,"column":24},"end":{"line":144,"column":5}},"22":{"start":{"line":146,"column":4},"end":{"line":152,"column":5}},"23":{"start":{"line":147,"column":6},"end":{"line":151,"column":8}},"24":{"start":{"line":154,"column":4},"end":{"line":158,"column":6}},"25":{"start":{"line":162,"column":22},"end":{"line":208,"column":2}}},"fnMap":{"0":{"name":"(anonymous_0)","decl":{"start":{"line":7,"column":2},"end":{"line":7,"column":3}},"loc":{"start":{"line":7,"column":18},"end":{"line":51,"column":3}},"line":7},"1":{"name":"(anonymous_1)","decl":{"start":{"line":53,"column":2},"end":{"line":53,"column":3}},"loc":{"start":{"line":53,"column":19},"end":{"line":97,"column":3}},"line":53},"2":{"name":"(anonymous_2)","decl":{"start":{"line":99,"column":2},"end":{"line":99,"column":3}},"loc":{"start":{"line":99,"column":11},"end":{"line":159,"column":3}},"line":99}},"branchMap":{"0":{"loc":{"start":{"line":9,"column":4},"end":{"line":16,"column":5}},"type":"if","locations":[{"start":{"line":9,"column":4},"end":{"line":16,"column":5}},{"start":{"line":9,"column":4},"end":{"line":16,"column":5}}],"line":9},"1":{"loc":{"start":{"line":18,"column":4},"end":{"line":50,"column":5}},"type":"if","locations":[{"start":{"line":18,"column":4},"end":{"line":50,"column":5}},{"start":{"line":18,"column":4},"end":{"line":50,"column":5}}],"line":18},"2":{"loc":{"start":{"line":20,"column":6},"end":{"line":49,"column":7}},"type":"switch","locations":[{"start":{"line":21,"column":8},"end":{"line":27,"column":12}},{"start":{"line":28,"column":8},"end":{"line":34,"column":12}},{"start":{"line":35,"column":8},"end":{"line":41,"column":12}},{"start":{"line":42,"column":8},"end":{"line":48,"column":12}}],"line":20},"3":{"loc":{"start":{"line":55,"column":4},"end":{"line":62,"column":5}},"type":"if","locations":[{"start":{"line":55,"column":4},"end":{"line":62,"column":5}},{"start":{"line":55,"column":4},"end":{"line":62,"column":5}}],"line":55},"4":{"loc":{"start":{"line":64,"column":4},"end":{"line":96,"column":5}},"type":"if","locations":[{"start":{"line":64,"column":4},"end":{"line":96,"column":5}},{"start":{"line":64,"column":4},"end":{"line":96,"column":5}}],"line":64},"5":{"loc":{"start":{"line":66,"column":6},"end":{"line":95,"column":7}},"type":"switch","locations":[{"start":{"line":67,"column":8},"end":{"line":73,"column":12}},{"start":{"line":74,"column":8},"end":{"line":80,"column":12}},{"start":{"line":81,"column":8},"end":{"line":87,"column":12}},{"start":{"line":88,"column":8},"end":{"line":94,"column":12}}],"line":66},"6":{"loc":{"start":{"line":125,"column":6},"end":{"line":125,"column":22}},"type":"binary-expr","locations":[{"start":{"line":125,"column":6},"end":{"line":125,"column":10}},{"start":{"line":125,"column":14},"end":{"line":125,"column":22}}],"line":125},"7":{"loc":{"start":{"line":126,"column":6},"end":{"line":126,"column":35}},"type":"binary-expr","locations":[{"start":{"line":126,"column":6},"end":{"line":126,"column":20}},{"start":{"line":126,"column":24},"end":{"line":126,"column":35}}],"line":126},"8":{"loc":{"start":{"line":127,"column":6},"end":{"line":127,"column":23}},"type":"binary-expr","locations":[{"start":{"line":127,"column":6},"end":{"line":127,"column":9}},{"start":{"line":127,"column":13},"end":{"line":127,"column":23}}],"line":127},"9":{"loc":{"start":{"line":128,"column":6},"end":{"line":128,"column":29}},"type":"binary-expr","locations":[{"start":{"line":128,"column":6},"end":{"line":128,"column":12}},{"start":{"line":128,"column":16},"end":{"line":128,"column":29}}],"line":128},"10":{"loc":{"start":{"line":129,"column":6},"end":{"line":129,"column":29}},"type":"binary-expr","locations":[{"start":{"line":129,"column":6},"end":{"line":129,"column":12}},{"start":{"line":129,"column":16},"end":{"line":129,"column":29}}],"line":129},"11":{"loc":{"start":{"line":130,"column":6},"end":{"line":130,"column":29}},"type":"binary-expr","locations":[{"start":{"line":130,"column":6},"end":{"line":130,"column":12}},{"start":{"line":130,"column":16},"end":{"line":130,"column":29}}],"line":130},"12":{"loc":{"start":{"line":131,"column":6},"end":{"line":131,"column":25}},"type":"binary-expr","locations":[{"start":{"line":131,"column":6},"end":{"line":131,"column":10}},{"start":{"line":131,"column":14},"end":{"line":131,"column":25}}],"line":131},"13":{"loc":{"start":{"line":132,"column":6},"end":{"line":132,"column":27}},"type":"binary-expr","locations":[{"start":{"line":132,"column":6},"end":{"line":132,"column":11}},{"start":{"line":132,"column":15},"end":{"line":132,"column":27}}],"line":132},"14":{"loc":{"start":{"line":133,"column":6},"end":{"line":133,"column":23}},"type":"binary-expr","locations":[{"start":{"line":133,"column":6},"end":{"line":133,"column":9}},{"start":{"line":133,"column":13},"end":{"line":133,"column":23}}],"line":133},"15":{"loc":{"start":{"line":134,"column":6},"end":{"line":134,"column":29}},"type":"binary-expr","locations":[{"start":{"line":134,"column":6},"end":{"line":134,"column":12}},{"start":{"line":134,"column":16},"end":{"line":134,"column":29}}],"line":134},"16":{"loc":{"start":{"line":135,"column":6},"end":{"line":135,"column":43}},"type":"binary-expr","locations":[{"start":{"line":135,"column":6},"end":{"line":135,"column":12}},{"start":{"line":135,"column":16},"end":{"line":135,"column":43}}],"line":135},"17":{"loc":{"start":{"line":136,"column":6},"end":{"line":136,"column":45}},"type":"binary-expr","locations":[{"start":{"line":136,"column":6},"end":{"line":136,"column":13}},{"start":{"line":136,"column":17},"end":{"line":136,"column":45}}],"line":136},"18":{"loc":{"start":{"line":137,"column":6},"end":{"line":137,"column":25}},"type":"binary-expr","locations":[{"start":{"line":137,"column":6},"end":{"line":137,"column":10}},{"start":{"line":137,"column":14},"end":{"line":137,"column":25}}],"line":137},"19":{"loc":{"start":{"line":138,"column":6},"end":{"line":138,"column":29}},"type":"binary-expr","locations":[{"start":{"line":138,"column":6},"end":{"line":138,"column":12}},{"start":{"line":138,"column":16},"end":{"line":138,"column":29}}],"line":138},"20":{"loc":{"start":{"line":139,"column":6},"end":{"line":139,"column":51}},"type":"binary-expr","locations":[{"start":{"line":139,"column":6},"end":{"line":139,"column":11}},{"start":{"line":139,"column":15},"end":{"line":139,"column":51}}],"line":139},"21":{"loc":{"start":{"line":140,"column":6},"end":{"line":140,"column":34}},"type":"binary-expr","locations":[{"start":{"line":140,"column":6},"end":{"line":140,"column":10}},{"start":{"line":140,"column":14},"end":{"line":140,"column":34}}],"line":140},"22":{"loc":{"start":{"line":141,"column":6},"end":{"line":141,"column":28}},"type":"binary-expr","locations":[{"start":{"line":141,"column":6},"end":{"line":141,"column":11}},{"start":{"line":141,"column":15},"end":{"line":141,"column":28}}],"line":141},"23":{"loc":{"start":{"line":142,"column":6},"end":{"line":142,"column":59}},"type":"binary-expr","locations":[{"start":{"line":142,"column":6},"end":{"line":142,"column":11}},{"start":{"line":142,"column":15},"end":{"line":142,"column":29}},{"start":{"line":142,"column":33},"end":{"line":142,"column":59}}],"line":142},"24":{"loc":{"start":{"line":146,"column":4},"end":{"line":152,"column":5}},"type":"if","locations":[{"start":{"line":146,"column":4},"end":{"line":152,"column":5}},{"start":{"line":146,"column":4},"end":{"line":152,"column":5}}],"line":146}},"s":{"0":4,"1":4,"2":0,"3":4,"4":4,"5":4,"6":0,"7":2,"8":2,"9":0,"10":0,"11":0,"12":0,"13":0,"14":0,"15":0,"16":0,"17":0,"18":0,"19":0,"20":17,"21":17,"22":17,"23":0,"24":17,"25":6},"f":{"0":4,"1":0,"2":17},"b":{"0":[0,4],"1":[4,0],"2":[0,2,2,0],"3":[0,0],"4":[0,0],"5":[0,0,0,0],"6":[17,0],"7":[17,2],"8":[17,2],"9":[17,0],"10":[17,3],"11":[17,1],"12":[17,0],"13":[17,0],"14":[17,0],"15":[17,0],"16":[17,4],"17":[17,0],"18":[17,0],"19":[17,0],"20":[17,2],"21":[17,0],"22":[17,8],"23":[17,8,8],"24":[0,17]},"_coverageSchema":"1a1c01bbd47fc00a2c39e90264f33305004495a9","hash":"3a0c5af67be37d7b515e2b8a860b7529a46fc359"}
,"/Users/pupmega/codefellows/onewiththeplants/components/Card.js": {"path":"/Users/pupmega/codefellows/onewiththeplants/components/Card.js","statementMap":{"0":{"start":{"line":9,"column":49},"end":{"line":9,"column":59}},"1":{"start":{"line":10,"column":23},"end":{"line":10,"column":43}},"2":{"start":{"line":12,"column":4},"end":{"line":16,"column":6}},"3":{"start":{"line":20,"column":22},"end":{"line":27,"column":2}}},"fnMap":{"0":{"name":"(anonymous_0)","decl":{"start":{"line":8,"column":2},"end":{"line":8,"column":3}},"loc":{"start":{"line":8,"column":11},"end":{"line":17,"column":3}},"line":8}},"branchMap":{"0":{"loc":{"start":{"line":13,"column":20},"end":{"line":13,"column":47}},"type":"binary-expr","locations":[{"start":{"line":13,"column":20},"end":{"line":13,"column":25}},{"start":{"line":13,"column":29},"end":{"line":13,"column":47}}],"line":13}},"s":{"0":8,"1":8,"2":8,"3":6},"f":{"0":8},"b":{"0":[8,6]},"_coverageSchema":"1a1c01bbd47fc00a2c39e90264f33305004495a9","hash":"9cdaefe375fc53f6ceeccc0641573ed62fe8bc03"}
,"/Users/pupmega/codefellows/onewiththeplants/components/Game.js": {"path":"/Users/pupmega/codefellows/onewiththeplants/components/Game.js","statementMap":{"0":{"start":{"line":4,"column":21},"end":{"line":7,"column":1}},"1":{"start":{"line":11,"column":4},"end":{"line":11,"column":16}},"2":{"start":{"line":12,"column":4},"end":{"line":12,"column":29}},"3":{"start":{"line":16,"column":4},"end":{"line":16,"column":41}},"4":{"start":{"line":20,"column":4},"end":{"line":20,"column":31}},"5":{"start":{"line":24,"column":21},"end":{"line":24,"column":47}},"6":{"start":{"line":25,"column":17},"end":{"line":25,"column":33}},"7":{"start":{"line":26,"column":4},"end":{"line":26,"column":72}},"8":{"start":{"line":26,"column":61},"end":{"line":26,"column":72}},"9":{"start":{"line":27,"column":4},"end":{"line":27,"column":24}},"10":{"start":{"line":28,"column":4},"end":{"line":31,"column":6}},"11":{"start":{"line":35,"column":18},"end":{"line":39,"column":5}},"12":{"start":{"line":41,"column":4},"end":{"line":47,"column":5}},"13":{"start":{"line":44,"column":59},"end":{"line":44,"column":73}},"14":{"start":{"line":45,"column":93},"end":{"line":45,"column":109}},"15":{"start":{"line":53,"column":14},"end":{"line":61,"column":1}},"16":{"start":{"line":54,"column":2},"end":{"line":60,"column":3}},"17":{"start":{"line":63,"column":12},"end":{"line":71,"column":1}},"18":{"start":{"line":64,"column":2},"end":{"line":70,"column":3}},"19":{"start":{"line":66,"column":61},"end":{"line":66,"column":83}},"20":{"start":{"line":67,"column":61},"end":{"line":67,"column":83}},"21":{"start":{"line":68,"column":61},"end":{"line":68,"column":83}},"22":{"start":{"line":73,"column":15},"end":{"line":93,"column":1}},"23":{"start":{"line":74,"column":16},"end":{"line":80,"column":3}},"24":{"start":{"line":82,"column":20},"end":{"line":86,"column":3}},"25":{"start":{"line":88,"column":2},"end":{"line":92,"column":3}},"26":{"start":{"line":95,"column":15},"end":{"line":106,"column":1}},"27":{"start":{"line":96,"column":15},"end":{"line":98,"column":26}},"28":{"start":{"line":100,"column":2},"end":{"line":105,"column":3}},"29":{"start":{"line":108,"column":15},"end":{"line":128,"column":1}},"30":{"start":{"line":109,"column":16},"end":{"line":118,"column":3}},"31":{"start":{"line":120,"column":2},"end":{"line":125,"column":3}},"32":{"start":{"line":120,"column":15},"end":{"line":120,"column":16}},"33":{"start":{"line":121,"column":22},"end":{"line":121,"column":30}},"34":{"start":{"line":122,"column":4},"end":{"line":124,"column":5}},"35":{"start":{"line":123,"column":6},"end":{"line":123,"column":23}},"36":{"start":{"line":126,"column":2},"end":{"line":126,"column":47}},"37":{"start":{"line":126,"column":36},"end":{"line":126,"column":47}},"38":{"start":{"line":127,"column":2},"end":{"line":127,"column":18}}},"fnMap":{"0":{"name":"(anonymous_0)","decl":{"start":{"line":10,"column":2},"end":{"line":10,"column":3}},"loc":{"start":{"line":10,"column":21},"end":{"line":13,"column":3}},"line":10},"1":{"name":"(anonymous_1)","decl":{"start":{"line":15,"column":2},"end":{"line":15,"column":3}},"loc":{"start":{"line":15,"column":14},"end":{"line":17,"column":3}},"line":15},"2":{"name":"(anonymous_2)","decl":{"start":{"line":19,"column":2},"end":{"line":19,"column":3}},"loc":{"start":{"line":19,"column":14},"end":{"line":21,"column":3}},"line":19},"3":{"name":"(anonymous_3)","decl":{"start":{"line":23,"column":2},"end":{"line":23,"column":3}},"loc":{"start":{"line":23,"column":12},"end":{"line":32,"column":3}},"line":23},"4":{"name":"(anonymous_4)","decl":{"start":{"line":34,"column":2},"end":{"line":34,"column":3}},"loc":{"start":{"line":34,"column":11},"end":{"line":48,"column":3}},"line":34},"5":{"name":"(anonymous_5)","decl":{"start":{"line":44,"column":52},"end":{"line":44,"column":53}},"loc":{"start":{"line":44,"column":59},"end":{"line":44,"column":73}},"line":44},"6":{"name":"(anonymous_6)","decl":{"start":{"line":45,"column":87},"end":{"line":45,"column":88}},"loc":{"start":{"line":45,"column":93},"end":{"line":45,"column":109}},"line":45},"7":{"name":"(anonymous_7)","decl":{"start":{"line":53,"column":14},"end":{"line":53,"column":15}},"loc":{"start":{"line":53,"column":37},"end":{"line":61,"column":1}},"line":53},"8":{"name":"(anonymous_8)","decl":{"start":{"line":63,"column":12},"end":{"line":63,"column":13}},"loc":{"start":{"line":63,"column":47},"end":{"line":71,"column":1}},"line":63},"9":{"name":"(anonymous_9)","decl":{"start":{"line":66,"column":55},"end":{"line":66,"column":56}},"loc":{"start":{"line":66,"column":61},"end":{"line":66,"column":83}},"line":66},"10":{"name":"(anonymous_10)","decl":{"start":{"line":67,"column":55},"end":{"line":67,"column":56}},"loc":{"start":{"line":67,"column":61},"end":{"line":67,"column":83}},"line":67},"11":{"name":"(anonymous_11)","decl":{"start":{"line":68,"column":55},"end":{"line":68,"column":56}},"loc":{"start":{"line":68,"column":61},"end":{"line":68,"column":83}},"line":68},"12":{"name":"(anonymous_12)","decl":{"start":{"line":73,"column":15},"end":{"line":73,"column":16}},"loc":{"start":{"line":73,"column":37},"end":{"line":93,"column":1}},"line":73},"13":{"name":"(anonymous_13)","decl":{"start":{"line":95,"column":15},"end":{"line":95,"column":16}},"loc":{"start":{"line":95,"column":46},"end":{"line":106,"column":1}},"line":95},"14":{"name":"(anonymous_14)","decl":{"start":{"line":108,"column":15},"end":{"line":108,"column":16}},"loc":{"start":{"line":108,"column":26},"end":{"line":128,"column":1}},"line":108}},"branchMap":{"0":{"loc":{"start":{"line":16,"column":11},"end":{"line":16,"column":41}},"type":"cond-expr","locations":[{"start":{"line":16,"column":32},"end":{"line":16,"column":35}},{"start":{"line":16,"column":38},"end":{"line":16,"column":41}}],"line":16},"1":{"loc":{"start":{"line":26,"column":4},"end":{"line":26,"column":72}},"type":"if","locations":[{"start":{"line":26,"column":4},"end":{"line":26,"column":72}},{"start":{"line":26,"column":4},"end":{"line":26,"column":72}}],"line":26},"2":{"loc":{"start":{"line":26,"column":8},"end":{"line":26,"column":59}},"type":"binary-expr","locations":[{"start":{"line":26,"column":8},"end":{"line":26,"column":29}},{"start":{"line":26,"column":33},"end":{"line":26,"column":59}}],"line":26},"3":{"loc":{"start":{"line":96,"column":15},"end":{"line":98,"column":26}},"type":"cond-expr","locations":[{"start":{"line":96,"column":33},"end":{"line":96,"column":47}},{"start":{"line":97,"column":10},"end":{"line":98,"column":26}}],"line":96},"4":{"loc":{"start":{"line":97,"column":10},"end":{"line":98,"column":26}},"type":"cond-expr","locations":[{"start":{"line":97,"column":33},"end":{"line":97,"column":74}},{"start":{"line":98,"column":10},"end":{"line":98,"column":26}}],"line":97},"5":{"loc":{"start":{"line":122,"column":4},"end":{"line":124,"column":5}},"type":"if","locations":[{"start":{"line":122,"column":4},"end":{"line":124,"column":5}},{"start":{"line":122,"column":4},"end":{"line":124,"column":5}}],"line":122},"6":{"loc":{"start":{"line":122,"column":8},"end":{"line":122,"column":76}},"type":"binary-expr","locations":[{"start":{"line":122,"column":8},"end":{"line":122,"column":18}},{"start":{"line":122,"column":22},"end":{"line":122,"column":47}},{"start":{"line":122,"column":51},"end":{"line":122,"column":76}}],"line":122},"7":{"loc":{"start":{"line":126,"column":2},"end":{"line":126,"column":47}},"type":"if","locations":[{"start":{"line":126,"column":2},"end":{"line":126,"column":47}},{"start":{"line":126,"column":2},"end":{"line":126,"column":47}}],"line":126}},"s":{"0":2,"1":2,"2":2,"3":2,"4":0,"5":0,"6":0,"7":0,"8":0,"9":0,"10":0,"11":2,"12":2,"13":0,"14":0,"15":2,"16":2,"17":2,"18":6,"19":0,"20":0,"21":0,"22":2,"23":18,"24":18,"25":18,"26":2,"27":2,"28":2,"29":2,"30":2,"31":2,"32":2,"33":16,"34":16,"35":0,"36":2,"37":0,"38":2},"f":{"0":2,"1":2,"2":0,"3":0,"4":2,"5":0,"6":0,"7":2,"8":6,"9":0,"10":0,"11":0,"12":18,"13":2,"14":2},"b":{"0":[2,0],"1":[0,0],"2":[0,0],"3":[0,2],"4":[0,2],"5":[0,16],"6":[16,0,0],"7":[0,2]},"_coverageSchema":"1a1c01bbd47fc00a2c39e90264f33305004495a9","hash":"23d9e5ed7e8b1e782e2d7c9316f7b976cc4c0421"}
,"/Users/pupmega/codefellows/onewiththeplants/components/Text.js": {"path":"/Users/pupmega/codefellows/onewiththeplants/components/Text.js","statementMap":{"0":{"start":{"line":44,"column":8},"end":{"line":44,"column":18}},"1":{"start":{"line":46,"column":23},"end":{"line":80,"column":5}},"2":{"start":{"line":82,"column":4},"end":{"line":86,"column":6}},"3":{"start":{"line":90,"column":15},"end":{"line":132,"column":2}}},"fnMap":{"0":{"name":"(anonymous_0)","decl":{"start":{"line":8,"column":2},"end":{"line":8,"column":3}},"loc":{"start":{"line":8,"column":11},"end":{"line":87,"column":3}},"line":8}},"branchMap":{"0":{"loc":{"start":{"line":48,"column":6},"end":{"line":48,"column":21}},"type":"binary-expr","locations":[{"start":{"line":48,"column":6},"end":{"line":48,"column":8}},{"start":{"line":48,"column":12},"end":{"line":48,"column":21}}],"line":48},"1":{"loc":{"start":{"line":49,"column":6},"end":{"line":49,"column":21}},"type":"binary-expr","locations":[{"start":{"line":49,"column":6},"end":{"line":49,"column":8}},{"start":{"line":49,"column":12},"end":{"line":49,"column":21}}],"line":49},"2":{"loc":{"start":{"line":50,"column":6},"end":{"line":50,"column":21}},"type":"binary-expr","locations":[{"start":{"line":50,"column":6},"end":{"line":50,"column":8}},{"start":{"line":50,"column":12},"end":{"line":50,"column":21}}],"line":50},"3":{"loc":{"start":{"line":51,"column":6},"end":{"line":51,"column":27}},"type":"binary-expr","locations":[{"start":{"line":51,"column":6},"end":{"line":51,"column":11}},{"start":{"line":51,"column":15},"end":{"line":51,"column":27}}],"line":51},"4":{"loc":{"start":{"line":52,"column":6},"end":{"line":52,"column":25}},"type":"binary-expr","locations":[{"start":{"line":52,"column":6},"end":{"line":52,"column":10}},{"start":{"line":52,"column":14},"end":{"line":52,"column":25}}],"line":52},"5":{"loc":{"start":{"line":53,"column":6},"end":{"line":53,"column":31}},"type":"binary-expr","locations":[{"start":{"line":53,"column":6},"end":{"line":53,"column":13}},{"start":{"line":53,"column":17},"end":{"line":53,"column":31}}],"line":53},"6":{"loc":{"start":{"line":54,"column":6},"end":{"line":54,"column":27}},"type":"binary-expr","locations":[{"start":{"line":54,"column":6},"end":{"line":54,"column":11}},{"start":{"line":54,"column":15},"end":{"line":54,"column":27}}],"line":54},"7":{"loc":{"start":{"line":55,"column":6},"end":{"line":55,"column":32}},"type":"binary-expr","locations":[{"start":{"line":55,"column":6},"end":{"line":55,"column":10}},{"start":{"line":55,"column":14},"end":{"line":55,"column":32}}],"line":55},"8":{"loc":{"start":{"line":56,"column":6},"end":{"line":56,"column":47}},"type":"binary-expr","locations":[{"start":{"line":56,"column":6},"end":{"line":56,"column":15}},{"start":{"line":56,"column":19},"end":{"line":56,"column":47}}],"line":56},"9":{"loc":{"start":{"line":57,"column":6},"end":{"line":57,"column":35}},"type":"binary-expr","locations":[{"start":{"line":57,"column":6},"end":{"line":57,"column":11}},{"start":{"line":57,"column":15},"end":{"line":57,"column":35}}],"line":57},"10":{"loc":{"start":{"line":58,"column":6},"end":{"line":58,"column":38}},"type":"binary-expr","locations":[{"start":{"line":58,"column":6},"end":{"line":58,"column":12}},{"start":{"line":58,"column":16},"end":{"line":58,"column":38}}],"line":58},"11":{"loc":{"start":{"line":59,"column":6},"end":{"line":59,"column":43}},"type":"binary-expr","locations":[{"start":{"line":59,"column":6},"end":{"line":59,"column":13}},{"start":{"line":59,"column":17},"end":{"line":59,"column":43}}],"line":59},"12":{"loc":{"start":{"line":60,"column":6},"end":{"line":60,"column":38}},"type":"binary-expr","locations":[{"start":{"line":60,"column":6},"end":{"line":60,"column":12}},{"start":{"line":60,"column":16},"end":{"line":60,"column":38}}],"line":60},"13":{"loc":{"start":{"line":61,"column":6},"end":{"line":61,"column":31}},"type":"binary-expr","locations":[{"start":{"line":61,"column":6},"end":{"line":61,"column":13}},{"start":{"line":61,"column":17},"end":{"line":61,"column":31}}],"line":61},"14":{"loc":{"start":{"line":62,"column":6},"end":{"line":62,"column":25}},"type":"binary-expr","locations":[{"start":{"line":62,"column":6},"end":{"line":62,"column":10}},{"start":{"line":62,"column":14},"end":{"line":62,"column":25}}],"line":62},"15":{"loc":{"start":{"line":63,"column":6},"end":{"line":63,"column":33}},"type":"binary-expr","locations":[{"start":{"line":63,"column":6},"end":{"line":63,"column":14}},{"start":{"line":63,"column":18},"end":{"line":63,"column":33}}],"line":63},"16":{"loc":{"start":{"line":64,"column":6},"end":{"line":64,"column":29}},"type":"binary-expr","locations":[{"start":{"line":64,"column":6},"end":{"line":64,"column":12}},{"start":{"line":64,"column":16},"end":{"line":64,"column":29}}],"line":64},"17":{"loc":{"start":{"line":65,"column":6},"end":{"line":65,"column":27}},"type":"binary-expr","locations":[{"start":{"line":65,"column":6},"end":{"line":65,"column":11}},{"start":{"line":65,"column":15},"end":{"line":65,"column":27}}],"line":65},"18":{"loc":{"start":{"line":66,"column":6},"end":{"line":66,"column":29}},"type":"binary-expr","locations":[{"start":{"line":66,"column":6},"end":{"line":66,"column":12}},{"start":{"line":66,"column":16},"end":{"line":66,"column":29}}],"line":66},"19":{"loc":{"start":{"line":67,"column":6},"end":{"line":67,"column":27}},"type":"binary-expr","locations":[{"start":{"line":67,"column":6},"end":{"line":67,"column":11}},{"start":{"line":67,"column":15},"end":{"line":67,"column":27}}],"line":67},"20":{"loc":{"start":{"line":68,"column":6},"end":{"line":68,"column":28}},"type":"binary-expr","locations":[{"start":{"line":68,"column":6},"end":{"line":68,"column":11}},{"start":{"line":68,"column":15},"end":{"line":68,"column":28}}],"line":68},"21":{"loc":{"start":{"line":69,"column":6},"end":{"line":69,"column":42}},"type":"binary-expr","locations":[{"start":{"line":69,"column":6},"end":{"line":69,"column":11}},{"start":{"line":69,"column":15},"end":{"line":69,"column":29}},{"start":{"line":69,"column":33},"end":{"line":69,"column":42}}],"line":69},"22":{"loc":{"start":{"line":71,"column":6},"end":{"line":71,"column":29}},"type":"binary-expr","locations":[{"start":{"line":71,"column":6},"end":{"line":71,"column":12}},{"start":{"line":71,"column":16},"end":{"line":71,"column":29}}],"line":71},"23":{"loc":{"start":{"line":72,"column":6},"end":{"line":72,"column":31}},"type":"binary-expr","locations":[{"start":{"line":72,"column":6},"end":{"line":72,"column":13}},{"start":{"line":72,"column":17},"end":{"line":72,"column":31}}],"line":72},"24":{"loc":{"start":{"line":73,"column":6},"end":{"line":73,"column":35}},"type":"binary-expr","locations":[{"start":{"line":73,"column":6},"end":{"line":73,"column":15}},{"start":{"line":73,"column":19},"end":{"line":73,"column":35}}],"line":73},"25":{"loc":{"start":{"line":74,"column":6},"end":{"line":74,"column":33}},"type":"binary-expr","locations":[{"start":{"line":74,"column":6},"end":{"line":74,"column":14}},{"start":{"line":74,"column":18},"end":{"line":74,"column":33}}],"line":74},"26":{"loc":{"start":{"line":75,"column":6},"end":{"line":75,"column":27}},"type":"binary-expr","locations":[{"start":{"line":75,"column":6},"end":{"line":75,"column":11}},{"start":{"line":75,"column":15},"end":{"line":75,"column":27}}],"line":75},"27":{"loc":{"start":{"line":76,"column":6},"end":{"line":76,"column":27}},"type":"binary-expr","locations":[{"start":{"line":76,"column":6},"end":{"line":76,"column":11}},{"start":{"line":76,"column":15},"end":{"line":76,"column":27}}],"line":76},"28":{"loc":{"start":{"line":77,"column":6},"end":{"line":77,"column":25}},"type":"binary-expr","locations":[{"start":{"line":77,"column":6},"end":{"line":77,"column":10}},{"start":{"line":77,"column":14},"end":{"line":77,"column":25}}],"line":77},"29":{"loc":{"start":{"line":78,"column":6},"end":{"line":78,"column":27}},"type":"binary-expr","locations":[{"start":{"line":78,"column":6},"end":{"line":78,"column":11}},{"start":{"line":78,"column":15},"end":{"line":78,"column":27}}],"line":78}},"s":{"0":2,"1":2,"2":2,"3":1},"f":{"0":2},"b":{"0":[2,0],"1":[2,0],"2":[2,0],"3":[2,0],"4":[2,0],"5":[2,0],"6":[2,0],"7":[2,0],"8":[2,0],"9":[2,0],"10":[2,0],"11":[2,0],"12":[2,0],"13":[2,0],"14":[2,0],"15":[2,0],"16":[2,0],"17":[2,0],"18":[2,0],"19":[2,0],"20":[2,0],"21":[2,0,0],"22":[2,0],"23":[2,0],"24":[2,0],"25":[2,0],"26":[2,0],"27":[2,0],"28":[2,0],"29":[2,0]},"_coverageSchema":"1a1c01bbd47fc00a2c39e90264f33305004495a9","hash":"5c35cff76d034ea565b661ddf193b635432fca2d"}
,"/Users/pupmega/codefellows/onewiththeplants/constants/index.js": {"path":"/Users/pupmega/codefellows/onewiththeplants/constants/index.js","statementMap":{},"fnMap":{},"branchMap":{},"s":{},"f":{},"b":{},"_coverageSchema":"1a1c01bbd47fc00a2c39e90264f33305004495a9","hash":"50c341afb699d883d3d5496bd3592db85ae32fd0"}
,"/Users/pupmega/codefellows/onewiththeplants/constants/mocks.js": {"path":"/Users/pupmega/codefellows/onewiththeplants/constants/mocks.js","statementMap":{"0":{"start":{"line":3,"column":16},"end":{"line":34,"column":3}},"1":{"start":{"line":37,"column":18},"end":{"line":88,"column":5}},"2":{"start":{"line":92,"column":23},"end":{"line":162,"column":5}},"3":{"start":{"line":166,"column":21},"end":{"line":203,"column":3}},"4":{"start":{"line":205,"column":22},"end":{"line":207,"column":3}},"5":{"start":{"line":209,"column":19},"end":{"line":228,"column":3}},"6":{"start":{"line":230,"column":18},"end":{"line":238,"column":3}},"7":{"start":{"line":240,"column":18},"end":{"line":251,"column":3}}},"fnMap":{},"branchMap":{},"s":{"0":7,"1":7,"2":7,"3":7,"4":7,"5":7,"6":7,"7":7},"f":{},"b":{},"_coverageSchema":"1a1c01bbd47fc00a2c39e90264f33305004495a9","hash":"f19520f8dd47b38a9207e610cda4e87003d2e2bb"}
,"/Users/pupmega/codefellows/onewiththeplants/constants/theme.js": {"path":"/Users/pupmega/codefellows/onewiththeplants/constants/theme.js","statementMap":{"0":{"start":{"line":1,"column":15},"end":{"line":10,"column":1}},"1":{"start":{"line":12,"column":14},"end":{"line":27,"column":1}},"2":{"start":{"line":29,"column":14},"end":{"line":51,"column":1}}},"fnMap":{},"branchMap":{},"s":{"0":7,"1":7,"2":7},"f":{},"b":{},"_coverageSchema":"1a1c01bbd47fc00a2c39e90264f33305004495a9","hash":"35474777b236b6715f2420cc2e3334dc06d36d8b"}
}
