TN:
SF:assets/icons/flowers.png
FNF:0
FNH:0
DA:1,7
LF:1
LH:1
BRF:0
BRH:0
end_of_record
TN:
SF:assets/icons/seeds.png
FNF:0
FNH:0
DA:1,7
LF:1
LH:1
BRF:0
BRH:0
end_of_record
TN:
SF:assets/images/avatar.png
FNF:0
FNH:0
DA:1,7
LF:1
LH:1
BRF:0
BRH:0
end_of_record
TN:
SF:assets/images/explore_1.png
FNF:0
FNH:0
DA:1,7
LF:1
LH:1
BRF:0
BRH:0
end_of_record
TN:
SF:assets/images/explore_2.png
FNF:0
FNH:0
DA:1,7
LF:1
LH:1
BRF:0
BRH:0
end_of_record
TN:
SF:assets/images/explore_3.png
FNF:0
FNH:0
DA:1,7
LF:1
LH:1
BRF:0
BRH:0
end_of_record
TN:
SF:assets/images/explore_4.png
FNF:0
FNH:0
DA:1,7
LF:1
LH:1
BRF:0
BRH:0
end_of_record
TN:
SF:assets/images/explore_5.png
FNF:0
FNH:0
DA:1,7
LF:1
LH:1
BRF:0
BRH:0
end_of_record
TN:
SF:assets/images/explore_6.png
FNF:0
FNH:0
DA:1,7
LF:1
LH:1
BRF:0
BRH:0
end_of_record
TN:
SF:assets/images/plant_one_big_happy.png
FNF:0
FNH:0
DA:1,7
LF:1
LH:1
BRF:0
BRH:0
end_of_record
TN:
SF:assets/images/plant_one_big_sad.png
FNF:0
FNH:0
DA:1,7
LF:1
LH:1
BRF:0
BRH:0
end_of_record
TN:
SF:assets/images/plant_one_happy_med.png
FNF:0
FNH:0
DA:1,7
LF:1
LH:1
BRF:0
BRH:0
end_of_record
TN:
SF:assets/images/plant_one_med_sad.png
FNF:0
FNH:0
DA:1,7
LF:1
LH:1
BRF:0
BRH:0
end_of_record
TN:
SF:assets/images/plant_one_sad_sml.png
FNF:0
FNH:0
DA:1,7
LF:1
LH:1
BRF:0
BRH:0
end_of_record
TN:
SF:assets/images/plant_two_happy_med.png
FNF:0
FNH:0
DA:1,7
LF:1
LH:1
BRF:0
BRH:0
end_of_record
TN:
SF:assets/images/plant_two_happy_sml.png
FNF:0
FNH:0
DA:1,7
LF:1
LH:1
BRF:0
BRH:0
end_of_record
TN:
SF:assets/images/plant_type_one_happy.png
FNF:0
FNH:0
DA:1,7
LF:1
LH:1
BRF:0
BRH:0
end_of_record
TN:
SF:assets/images/plants_1.png
FNF:0
FNH:0
DA:1,7
LF:1
LH:1
BRF:0
BRH:0
end_of_record
TN:
SF:assets/images/plants_2.png
FNF:0
FNH:0
DA:1,7
LF:1
LH:1
BRF:0
BRH:0
end_of_record
TN:
SF:assets/images/plants_3.png
FNF:0
FNH:0
DA:1,7
LF:1
LH:1
BRF:0
BRH:0
end_of_record
TN:
SF:assets/images/terrarium_1.png
FNF:0
FNH:0
DA:1,7
LF:1
LH:1
BRF:0
BRH:0
end_of_record
TN:
SF:assets/images/terrarium_2.png
FNF:0
FNH:0
DA:1,7
LF:1
LH:1
BRF:0
BRH:0
end_of_record
TN:
SF:assets/images/ttt.png
FNF:0
FNH:0
DA:1,7
LF:1
LH:1
BRF:0
BRH:0
end_of_record
TN:
SF:components/Block.js
FN:7,(anonymous_0)
FN:53,(anonymous_1)
FN:99,(anonymous_2)
FNF:3
FNH:2
FNDA:4,(anonymous_0)
FNDA:0,(anonymous_1)
FNDA:17,(anonymous_2)
DA:8,4
DA:9,4
DA:10,0
DA:18,4
DA:19,4
DA:20,4
DA:22,0
DA:29,2
DA:36,2
DA:43,0
DA:54,0
DA:55,0
DA:56,0
DA:64,0
DA:65,0
DA:66,0
DA:68,0
DA:75,0
DA:82,0
DA:89,0
DA:121,17
DA:123,17
DA:146,17
DA:147,0
DA:154,17
DA:162,6
LF:26
LH:12
BRDA:9,0,0,0
BRDA:9,0,1,4
BRDA:18,1,0,4
BRDA:18,1,1,0
BRDA:20,2,0,0
BRDA:20,2,1,2
BRDA:20,2,2,2
BRDA:20,2,3,0
BRDA:55,3,0,0
BRDA:55,3,1,0
BRDA:64,4,0,0
BRDA:64,4,1,0
BRDA:66,5,0,0
BRDA:66,5,1,0
BRDA:66,5,2,0
BRDA:66,5,3,0
BRDA:125,6,0,17
BRDA:125,6,1,0
BRDA:126,7,0,17
BRDA:126,7,1,2
BRDA:127,8,0,17
BRDA:127,8,1,2
BRDA:128,9,0,17
BRDA:128,9,1,0
BRDA:129,10,0,17
BRDA:129,10,1,3
BRDA:130,11,0,17
BRDA:130,11,1,1
BRDA:131,12,0,17
BRDA:131,12,1,0
BRDA:132,13,0,17
BRDA:132,13,1,0
BRDA:133,14,0,17
BRDA:133,14,1,0
BRDA:134,15,0,17
BRDA:134,15,1,0
BRDA:135,16,0,17
BRDA:135,16,1,4
BRDA:136,17,0,17
BRDA:136,17,1,0
BRDA:137,18,0,17
BRDA:137,18,1,0
BRDA:138,19,0,17
BRDA:138,19,1,0
BRDA:139,20,0,17
BRDA:139,20,1,2
BRDA:140,21,0,17
BRDA:140,21,1,0
BRDA:141,22,0,17
BRDA:141,22,1,8
BRDA:142,23,0,17
BRDA:142,23,1,8
BRDA:142,23,2,8
BRDA:146,24,0,0
BRDA:146,24,1,17
BRF:55
BRH:32
end_of_record
TN:
SF:components/Card.js
FN:8,(anonymous_0)
FNF:1
FNH:1
FNDA:8,(anonymous_0)
DA:9,8
DA:10,8
DA:12,8
DA:20,6
LF:4
LH:4
BRDA:13,0,0,8
BRDA:13,0,1,6
BRF:2
BRH:2
end_of_record
TN:
SF:components/Game.js
FN:10,(anonymous_0)
FN:15,(anonymous_1)
FN:19,(anonymous_2)
FN:23,(anonymous_3)
FN:34,(anonymous_4)
FN:44,(anonymous_5)
FN:45,(anonymous_6)
FN:53,(anonymous_7)
FN:63,(anonymous_8)
FN:66,(anonymous_9)
FN:67,(anonymous_10)
FN:68,(anonymous_11)
FN:73,(anonymous_12)
FN:95,(anonymous_13)
FN:108,(anonymous_14)
FNF:15
FNH:8
FNDA:2,(anonymous_0)
FNDA:2,(anonymous_1)
FNDA:0,(anonymous_2)
FNDA:0,(anonymous_3)
FNDA:2,(anonymous_4)
FNDA:0,(anonymous_5)
FNDA:0,(anonymous_6)
FNDA:2,(anonymous_7)
FNDA:6,(anonymous_8)
FNDA:0,(anonymous_9)
FNDA:0,(anonymous_10)
FNDA:0,(anonymous_11)
FNDA:18,(anonymous_12)
FNDA:2,(anonymous_13)
FNDA:2,(anonymous_14)
DA:4,2
DA:11,2
DA:12,2
DA:16,2
DA:20,0
DA:24,0
DA:25,0
DA:26,0
DA:27,0
DA:28,0
DA:35,2
DA:41,2
DA:44,0
DA:45,0
DA:53,2
DA:54,2
DA:63,2
DA:64,6
DA:66,0
DA:67,0
DA:68,0
DA:73,2
DA:74,18
DA:82,18
DA:88,18
DA:95,2
DA:96,2
DA:100,2
DA:108,2
DA:109,2
DA:120,2
DA:121,16
DA:122,16
DA:123,0
DA:126,2
DA:127,2
LF:36
LH:24
BRDA:16,0,0,2
BRDA:16,0,1,0
BRDA:26,1,0,0
BRDA:26,1,1,0
BRDA:26,2,0,0
BRDA:26,2,1,0
BRDA:96,3,0,0
BRDA:96,3,1,2
BRDA:97,4,0,0
BRDA:97,4,1,2
BRDA:122,5,0,0
BRDA:122,5,1,16
BRDA:122,6,0,16
BRDA:122,6,1,0
BRDA:122,6,2,0
BRDA:126,7,0,0
BRDA:126,7,1,2
BRF:17
BRH:6
end_of_record
TN:
SF:components/Text.js
FN:8,(anonymous_0)
FNF:1
FNH:1
FNDA:2,(anonymous_0)
DA:44,2
DA:46,2
DA:82,2
DA:90,1
LF:4
LH:4
BRDA:48,0,0,2
BRDA:48,0,1,0
BRDA:49,1,0,2
BRDA:49,1,1,0
BRDA:50,2,0,2
BRDA:50,2,1,0
BRDA:51,3,0,2
BRDA:51,3,1,0
BRDA:52,4,0,2
BRDA:52,4,1,0
BRDA:53,5,0,2
BRDA:53,5,1,0
BRDA:54,6,0,2
BRDA:54,6,1,0
BRDA:55,7,0,2
BRDA:55,7,1,0
BRDA:56,8,0,2
BRDA:56,8,1,0
BRDA:57,9,0,2
BRDA:57,9,1,0
BRDA:58,10,0,2
BRDA:58,10,1,0
BRDA:59,11,0,2
BRDA:59,11,1,0
BRDA:60,12,0,2
BRDA:60,12,1,0
BRDA:61,13,0,2
BRDA:61,13,1,0
BRDA:62,14,0,2
BRDA:62,14,1,0
BRDA:63,15,0,2
BRDA:63,15,1,0
BRDA:64,16,0,2
BRDA:64,16,1,0
BRDA:65,17,0,2
BRDA:65,17,1,0
BRDA:66,18,0,2
BRDA:66,18,1,0
BRDA:67,19,0,2
BRDA:67,19,1,0
BRDA:68,20,0,2
BRDA:68,20,1,0
BRDA:69,21,0,2
BRDA:69,21,1,0
BRDA:69,21,2,0
BRDA:71,22,0,2
BRDA:71,22,1,0
BRDA:72,23,0,2
BRDA:72,23,1,0
BRDA:73,24,0,2
BRDA:73,24,1,0
BRDA:74,25,0,2
BRDA:74,25,1,0
BRDA:75,26,0,2
BRDA:75,26,1,0
BRDA:76,27,0,2
BRDA:76,27,1,0
BRDA:77,28,0,2
BRDA:77,28,1,0
BRDA:78,29,0,2
BRDA:78,29,1,0
BRF:61
BRH:30
end_of_record
TN:
SF:constants/index.js
FNF:0
FNH:0
LF:0
LH:0
BRF:0
BRH:0
end_of_record
TN:
SF:constants/mocks.js
FNF:0
FNH:0
DA:3,7
DA:37,7
DA:92,7
DA:166,7
DA:205,7
DA:209,7
DA:230,7
DA:240,7
LF:8
LH:8
BRF:0
BRH:0
end_of_record
TN:
SF:constants/theme.js
FNF:0
FNH:0
DA:1,7
DA:12,7
DA:29,7
LF:3
LH:3
BRF:0
BRH:0
end_of_record
